<?xml version="1.0" encoding="UTF-8"?>
<!-- Generated by org.testng.reporters.JUnitReportReporter -->
<testsuite hostname="Devil-World-1999JAN" failures="0" tests="4" name="facebookautomation.fbSignup" time="64.778" errors="0" timestamp="2022-12-04T01:39:01 IST" skipped="0">
  <testcase classname="facebookautomation.fbSignup" name="createFbAccount" time="23.079"/>
  <system-out/>
  <testcase classname="facebookautomation.fbSignup" name="xpathTextFunction" time="14.558"/>
  <system-out/>
  <testcase classname="facebookautomation.fbSignup" name="xpathContainsFunciton" time="13.935"/>
  <system-out/>
  <testcase classname="facebookautomation.fbSignup" name="xpathStartswithFunction" time="13.206"/>
  <system-out/>
</testsuite> <!-- facebookautomation.fbSignup -->
