<?xml version="1.0" encoding="UTF-8"?>
<!-- Generated by org.testng.reporters.JUnitReportReporter -->
<testsuite hostname="Devil-World-1999JAN" failures="0" tests="1" name="facebookautomation.browserPopUp" time="18.734" errors="0" timestamp="2022-12-10T13:38:20 IST" skipped="0">
  <testcase classname="facebookautomation.browserPopUp" name="closeMainBrowser" time="18.734"/>
  <system-out/>
</testsuite> <!-- facebookautomation.browserPopUp -->
