<?xml version="1.0" encoding="UTF-8"?>
<!-- Generated by org.testng.reporters.JUnitReportReporter -->
<testsuite hostname="Devil-World-1999JAN" failures="0" tests="1" name="facebookautomation.iframe" time="18.999" errors="0" timestamp="2022-12-05T18:09:27 IST" skipped="0">
  <testcase classname="facebookautomation.iframe" name="frame_Webelement" time="18.999"/>
  <system-out/>
</testsuite> <!-- facebookautomation.iframe -->
