<?xml version="1.0" encoding="UTF-8"?>
<!-- Generated by org.testng.reporters.JUnitReportReporter -->
<testsuite hostname="Devil-World-1999JAN" failures="0" tests="3" name="facebookautomation.facebookLogin" time="42.505" errors="0" timestamp="2022-12-04T01:34:47 IST" skipped="0">
  <testcase classname="facebookautomation.facebookLogin" name="forgetPass" time="13.268"/>
  <system-out/>
  <testcase classname="facebookautomation.facebookLogin" name="openFacebookPage" time="12.524"/>
  <system-out/>
  <testcase classname="facebookautomation.facebookLogin" name="login" time="16.713"/>
  <system-out/>
</testsuite> <!-- facebookautomation.facebookLogin -->
