<?xml version="1.0" encoding="UTF-8"?>
<!-- Generated by org.testng.reporters.JUnitReportReporter -->
<testsuite hostname="Devil-World-1999JAN" failures="0" tests="2" name="facebookautomation.javaScriptExceuter" time="83.612" errors="0" timestamp="2022-12-05T12:28:46 IST" skipped="0">
  <testcase classname="facebookautomation.javaScriptExceuter" name="scrollUpandDown" time="68.111"/>
  <system-out/>
  <testcase classname="facebookautomation.javaScriptExceuter" name="enterText_intoDisabledTextbox" time="15.501"/>
  <system-out/>
</testsuite> <!-- facebookautomation.javaScriptExceuter -->
